# JRE version: OpenJDK Runtime Environment Temurin-21.0.8+9 (21.0.8+9) (build 21.0.8+9-LTS)
# Java VM: OpenJDK 64-Bit Server VM Temurin-21.0.8+9 (21.0.8+9-LTS, mixed mode, sharing, tiered, compressed oops, compressed class ptrs, parallel gc, windows-amd64)
GC Precious Log:
 CardTable entry size: 512
 CPUs: 12 total, 12 available
 Memory: 16068M
 Large Page Support: Disabled
 NUMA Support: Disabled
 Compressed Oops: Enabled (32-bit)
 Alignments: Space 512K, Generation 512K, Heap 2M
 Heap Min Capacity: 100M
 Heap Initial Capacity: 100M
 Heap Max Capacity: 2G
 Pre-touch: Disabled
 Parallel Workers: 10
Heap:
 PSYoungGen      total 4608K, used 754K [0x00000000d5580000, 0x00000000d5d80000, 0x0000000100000000)
  eden space 4096K, 11% used [0x00000000d5580000,0x00000000d55f4988,0x00000000d5980000)
  from space 512K, 56% used [0x00000000d5d00000,0x00000000d5d48000,0x00000000d5d80000)
  to   space 1536K, 0% used [0x00000000d5a80000,0x00000000d5a80000,0x00000000d5c00000)
 ParOldGen       total 559104K, used 558760K [0x0000000080000000, 0x00000000a2200000, 0x00000000d5580000)
  object space 559104K, 99% used [0x0000000080000000,0x00000000a21aa3d0,0x00000000a2200000)
 Metaspace       used 83170K, committed 84992K, reserved 1179648K
  class space    used 8570K, committed 9344K, reserved 1048576K
GC Heap History (20 events):
Event: 2121.431 GC heap before
{Heap before GC invocations=1077 (full 4):
 PSYoungGen      total 2048K, used 2048K [0x00000000d5580000, 0x00000000d5b80000, 0x0000000100000000)
  eden space 1536K, 100% used [0x00000000d5580000,0x00000000d5700000,0x00000000d5700000)
  from space 512K, 100% used [0x00000000d5900000,0x00000000d5980000,0x00000000d5980000)
  to   space 2048K, 0% used [0x00000000d5700000,0x00000000d5700000,0x00000000d5900000)
 ParOldGen       total 510976K, used 510758K [0x0000000080000000, 0x000000009f300000, 0x00000000d5580000)
  object space 510976K, 99% used [0x0000000080000000,0x000000009f2c9870,0x000000009f300000)
 Metaspace       used 83088K, committed 84864K, reserved 1179648K
  class space    used 8570K, committed 9344K, reserved 1048576K
}
Event: 2121.438 GC heap after
{Heap after GC invocations=1077 (full 4):
 PSYoungGen      total 3584K, used 1568K [0x00000000d5580000, 0x00000000d5b80000, 0x0000000100000000)
  eden space 1536K, 0% used [0x00000000d5580000,0x00000000d5580000,0x00000000d5700000)
  from space 2048K, 76% used [0x00000000d5700000,0x00000000d5888000,0x00000000d5900000)
  to   space 2048K, 0% used [0x00000000d5980000,0x00000000d5980000,0x00000000d5b80000)
 ParOldGen       total 511488K, used 511310K [0x0000000080000000, 0x000000009f380000, 0x00000000d5580000)
  object space 511488K, 99% used [0x0000000080000000,0x000000009f353870,0x000000009f380000)
 Metaspace       used 83088K, committed 84864K, reserved 1179648K
  class space    used 8570K, committed 9344K, reserved 1048576K
}
Event: 2121.454 GC heap before
{Heap before GC invocations=1078 (full 4):
 PSYoungGen      total 3584K, used 3006K [0x00000000d5580000, 0x00000000d5b80000, 0x0000000100000000)
  eden space 1536K, 93% used [0x00000000d5580000,0x00000000d56e7980,0x00000000d5700000)
  from space 2048K, 76% used [0x00000000d5700000,0x00000000d5888000,0x00000000d5900000)
  to   space 2048K, 0% used [0x00000000d5980000,0x00000000d5980000,0x00000000d5b80000)
 ParOldGen       total 511488K, used 511310K [0x0000000080000000, 0x000000009f380000, 0x00000000d5580000)
  object space 511488K, 99% used [0x0000000080000000,0x000000009f353870,0x000000009f380000)
 Metaspace       used 83088K, committed 84864K, reserved 1179648K
  class space    used 8570K, committed 9344K, reserved 1048576K
}
Event: 2121.463 GC heap after
{Heap after GC invocations=1078 (full 4):
 PSYoungGen      total 3584K, used 1342K [0x00000000d5580000, 0x00000000d5b00000, 0x0000000100000000)
  eden space 2048K, 0% used [0x00000000d5580000,0x00000000d5580000,0x00000000d5780000)
  from space 1536K, 87% used [0x00000000d5980000,0x00000000d5acf800,0x00000000d5b00000)
  to   space 1536K, 0% used [0x00000000d5800000,0x00000000d5800000,0x00000000d5980000)
 ParOldGen       total 513024K, used 512774K [0x0000000080000000, 0x000000009f500000, 0x00000000d5580000)
  object space 513024K, 99% used [0x0000000080000000,0x000000009f4c1870,0x000000009f500000)
 Metaspace       used 83088K, committed 84864K, reserved 1179648K
  class space    used 8570K, committed 9344K, reserved 1048576K
}
Event: 2121.516 GC heap before
{Heap before GC invocations=1079 (full 4):
 PSYoungGen      total 3584K, used 3390K [0x00000000d5580000, 0x00000000d5b00000, 0x0000000100000000)
  eden space 2048K, 100% used [0x00000000d5580000,0x00000000d5780000,0x00000000d5780000)
  from space 1536K, 87% used [0x00000000d5980000,0x00000000d5acf800,0x00000000d5b00000)
  to   space 1536K, 0% used [0x00000000d5800000,0x00000000d5800000,0x00000000d5980000)
 ParOldGen       total 513024K, used 512774K [0x0000000080000000, 0x000000009f500000, 0x00000000d5580000)
  object space 513024K, 99% used [0x0000000080000000,0x000000009f4c1870,0x000000009f500000)
 Metaspace       used 83091K, committed 84864K, reserved 1179648K
  class space    used 8570K, committed 9344K, reserved 1048576K
}
Event: 2121.523 GC heap after
{Heap after GC invocations=1079 (full 4):
 PSYoungGen      total 4096K, used 1532K [0x00000000d5580000, 0x00000000d5e00000, 0x0000000100000000)
  eden space 2560K, 0% used [0x00000000d5580000,0x00000000d5580000,0x00000000d5800000)
  from space 1536K, 99% used [0x00000000d5800000,0x00000000d597f000,0x00000000d5980000)
  to   space 3072K, 0% used [0x00000000d5b00000,0x00000000d5b00000,0x00000000d5e00000)
 ParOldGen       total 514048K, used 513694K [0x0000000080000000, 0x000000009f600000, 0x00000000d5580000)
  object space 514048K, 99% used [0x0000000080000000,0x000000009f5a7870,0x000000009f600000)
 Metaspace       used 83091K, committed 84864K, reserved 1179648K
  class space    used 8570K, committed 9344K, reserved 1048576K
}
Event: 2121.587 GC heap before
{Heap before GC invocations=1080 (full 4):
 PSYoungGen      total 4096K, used 4092K [0x00000000d5580000, 0x00000000d5e00000, 0x0000000100000000)
  eden space 2560K, 100% used [0x00000000d5580000,0x00000000d5800000,0x00000000d5800000)
  from space 1536K, 99% used [0x00000000d5800000,0x00000000d597f000,0x00000000d5980000)
  to   space 3072K, 0% used [0x00000000d5b00000,0x00000000d5b00000,0x00000000d5e00000)
 ParOldGen       total 545792K, used 544414K [0x0000000080000000, 0x00000000a1500000, 0x00000000d5580000)
  object space 545792K, 99% used [0x0000000080000000,0x00000000a13a78a0,0x00000000a1500000)
 Metaspace       used 83091K, committed 84864K, reserved 1179648K
  class space    used 8570K, committed 9344K, reserved 1048576K
}
Event: 2121.600 GC heap after
{Heap after GC invocations=1080 (full 4):
 PSYoungGen      total 5632K, used 2344K [0x00000000d5580000, 0x00000000d5d80000, 0x0000000100000000)
  eden space 3072K, 0% used [0x00000000d5580000,0x00000000d5580000,0x00000000d5880000)
  from space 2560K, 91% used [0x00000000d5b00000,0x00000000d5d4a010,0x00000000d5d80000)
  to   space 2560K, 0% used [0x00000000d5880000,0x00000000d5880000,0x00000000d5b00000)
 ParOldGen       total 545792K, used 545126K [0x0000000080000000, 0x00000000a1500000, 0x00000000d5580000)
  object space 545792K, 99% used [0x0000000080000000,0x00000000a14598a0,0x00000000a1500000)
 Metaspace       used 83091K, committed 84864K, reserved 1179648K
  class space    used 8570K, committed 9344K, reserved 1048576K
}
Event: 2121.628 GC heap before
{Heap before GC invocations=1081 (full 4):
 PSYoungGen      total 5632K, used 5416K [0x00000000d5580000, 0x00000000d5d80000, 0x0000000100000000)
  eden space 3072K, 100% used [0x00000000d5580000,0x00000000d5880000,0x00000000d5880000)
  from space 2560K, 91% used [0x00000000d5b00000,0x00000000d5d4a010,0x00000000d5d80000)
  to   space 2560K, 0% used [0x00000000d5880000,0x00000000d5880000,0x00000000d5b00000)
 ParOldGen       total 545792K, used 545126K [0x0000000080000000, 0x00000000a1500000, 0x00000000d5580000)
  object space 545792K, 99% used [0x0000000080000000,0x00000000a14598a0,0x00000000a1500000)
 Metaspace       used 83106K, committed 84928K, reserved 1179648K
  class space    used 8570K, committed 9344K, reserved 1048576K
}
Event: 2121.640 GC heap after
{Heap after GC invocations=1081 (full 4):
 PSYoungGen      total 5632K, used 916K [0x00000000d5580000, 0x00000000d5c80000, 0x0000000100000000)
  eden space 3072K, 0% used [0x00000000d5580000,0x00000000d5580000,0x00000000d5880000)
  from space 2560K, 35% used [0x00000000d5880000,0x00000000d5965200,0x00000000d5b00000)
  to   space 1536K, 0% used [0x00000000d5b00000,0x00000000d5b00000,0x00000000d5c80000)
 ParOldGen       total 548864K, used 548686K [0x0000000080000000, 0x00000000a1800000, 0x00000000d5580000)
  object space 548864K, 99% used [0x0000000080000000,0x00000000a17d38a0,0x00000000a1800000)
 Metaspace       used 83106K, committed 84928K, reserved 1179648K
  class space    used 8570K, committed 9344K, reserved 1048576K
}
Event: 2121.745 GC heap before
{Heap before GC invocations=1082 (full 4):
 PSYoungGen      total 5632K, used 3988K [0x00000000d5580000, 0x00000000d5c80000, 0x0000000100000000)
  eden space 3072K, 100% used [0x00000000d5580000,0x00000000d5880000,0x00000000d5880000)
  from space 2560K, 35% used [0x00000000d5880000,0x00000000d5965200,0x00000000d5b00000)
  to   space 1536K, 0% used [0x00000000d5b00000,0x00000000d5b00000,0x00000000d5c80000)
 ParOldGen       total 548864K, used 548686K [0x0000000080000000, 0x00000000a1800000, 0x00000000d5580000)
  object space 548864K, 99% used [0x0000000080000000,0x00000000a17d38a0,0x00000000a1800000)
 Metaspace       used 83109K, committed 84928K, reserved 1179648K
  class space    used 8570K, committed 9344K, reserved 1048576K
}
Event: 2121.750 GC heap after
{Heap after GC invocations=1082 (full 4):
 PSYoungGen      total 4608K, used 96K [0x00000000d5580000, 0x00000000d5b80000, 0x0000000100000000)
  eden space 4096K, 0% used [0x00000000d5580000,0x00000000d5580000,0x00000000d5980000)
  from space 512K, 18% used [0x00000000d5b00000,0x00000000d5b18000,0x00000000d5b80000)
  to   space 512K, 0% used [0x00000000d5a80000,0x00000000d5a80000,0x00000000d5b00000)
 ParOldGen       total 549376K, used 549038K [0x0000000080000000, 0x00000000a1880000, 0x00000000d5580000)
  object space 549376K, 99% used [0x0000000080000000,0x00000000a182b8a0,0x00000000a1880000)
 Metaspace       used 83109K, committed 84928K, reserved 1179648K
  class space    used 8570K, committed 9344K, reserved 1048576K
}
Event: 2121.775 GC heap before
{Heap before GC invocations=1083 (full 4):
 PSYoungGen      total 4608K, used 4192K [0x00000000d5580000, 0x00000000d5b80000, 0x0000000100000000)
  eden space 4096K, 100% used [0x00000000d5580000,0x00000000d5980000,0x00000000d5980000)
  from space 512K, 18% used [0x00000000d5b00000,0x00000000d5b18000,0x00000000d5b80000)
  to   space 512K, 0% used [0x00000000d5a80000,0x00000000d5a80000,0x00000000d5b00000)
 ParOldGen       total 549376K, used 549038K [0x0000000080000000, 0x00000000a1880000, 0x00000000d5580000)
  object space 549376K, 99% used [0x0000000080000000,0x00000000a182b8a0,0x00000000a1880000)
 Metaspace       used 83109K, committed 84928K, reserved 1179648K
  class space    used 8570K, committed 9344K, reserved 1048576K
}
Event: 2121.785 GC heap after
{Heap after GC invocations=1083 (full 4):
 PSYoungGen      total 5632K, used 485K [0x00000000d5580000, 0x00000000d6380000, 0x0000000100000000)
  eden space 5120K, 0% used [0x00000000d5580000,0x00000000d5580000,0x00000000d5a80000)
  from space 512K, 94% used [0x00000000d5a80000,0x00000000d5af9588,0x00000000d5b00000)
  to   space 4608K, 0% used [0x00000000d5f00000,0x00000000d5f00000,0x00000000d6380000)
 ParOldGen       total 552448K, used 552387K [0x0000000080000000, 0x00000000a1b80000, 0x00000000d5580000)
  object space 552448K, 99% used [0x0000000080000000,0x00000000a1b70e28,0x00000000a1b80000)
 Metaspace       used 83109K, committed 84928K, reserved 1179648K
  class space    used 8570K, committed 9344K, reserved 1048576K
}
Event: 2121.852 GC heap before
{Heap before GC invocations=1084 (full 4):
 PSYoungGen      total 5632K, used 5605K [0x00000000d5580000, 0x00000000d6380000, 0x0000000100000000)
  eden space 5120K, 100% used [0x00000000d5580000,0x00000000d5a80000,0x00000000d5a80000)
  from space 512K, 94% used [0x00000000d5a80000,0x00000000d5af9588,0x00000000d5b00000)
  to   space 4608K, 0% used [0x00000000d5f00000,0x00000000d5f00000,0x00000000d6380000)
 ParOldGen       total 552448K, used 552387K [0x0000000080000000, 0x00000000a1b80000, 0x00000000d5580000)
  object space 552448K, 99% used [0x0000000080000000,0x00000000a1b70e28,0x00000000a1b80000)
 Metaspace       used 83139K, committed 84928K, reserved 1179648K
  class space    used 8570K, committed 9344K, reserved 1048576K
}
Event: 2121.863 GC heap after
{Heap after GC invocations=1084 (full 4):
 PSYoungGen      total 8704K, used 4592K [0x00000000d5580000, 0x00000000d6680000, 0x0000000100000000)
  eden space 4096K, 0% used [0x00000000d5580000,0x00000000d5580000,0x00000000d5980000)
  from space 4608K, 99% used [0x00000000d5f00000,0x00000000d637c000,0x00000000d6380000)
  to   space 5632K, 0% used [0x00000000d5980000,0x00000000d5980000,0x00000000d5f00000)
 ParOldGen       total 553472K, used 553008K [0x0000000080000000, 0x00000000a1c80000, 0x00000000d5580000)
  object space 553472K, 99% used [0x0000000080000000,0x00000000a1c0c3b0,0x00000000a1c80000)
 Metaspace       used 83139K, committed 84928K, reserved 1179648K
  class space    used 8570K, committed 9344K, reserved 1048576K
}
Event: 2122.555 GC heap before
{Heap before GC invocations=1085 (full 4):
 PSYoungGen      total 8704K, used 8688K [0x00000000d5580000, 0x00000000d6680000, 0x0000000100000000)
  eden space 4096K, 100% used [0x00000000d5580000,0x00000000d5980000,0x00000000d5980000)
  from space 4608K, 99% used [0x00000000d5f00000,0x00000000d637c000,0x00000000d6380000)
  to   space 5632K, 0% used [0x00000000d5980000,0x00000000d5980000,0x00000000d5f00000)
 ParOldGen       total 553472K, used 553008K [0x0000000080000000, 0x00000000a1c80000, 0x00000000d5580000)
  object space 553472K, 99% used [0x0000000080000000,0x00000000a1c0c3b0,0x00000000a1c80000)
 Metaspace       used 83141K, committed 84928K, reserved 1179648K
  class space    used 8570K, committed 9344K, reserved 1048576K
}
Event: 2122.567 GC heap after
{Heap after GC invocations=1085 (full 4):
 PSYoungGen      total 6144K, used 1892K [0x00000000d5580000, 0x00000000d6080000, 0x0000000100000000)
  eden space 4096K, 0% used [0x00000000d5580000,0x00000000d5580000,0x00000000d5980000)
  from space 2048K, 92% used [0x00000000d5980000,0x00000000d5b59230,0x00000000d5b80000)
  to   space 3584K, 0% used [0x00000000d5d00000,0x00000000d5d00000,0x00000000d6080000)
 ParOldGen       total 557568K, used 557312K [0x0000000080000000, 0x00000000a2080000, 0x00000000d5580000)
  object space 557568K, 99% used [0x0000000080000000,0x00000000a20403b0,0x00000000a2080000)
 Metaspace       used 83141K, committed 84928K, reserved 1179648K
  class space    used 8570K, committed 9344K, reserved 1048576K
}
Event: 2373.319 GC heap before
{Heap before GC invocations=1086 (full 4):
 PSYoungGen      total 6144K, used 5988K [0x00000000d5580000, 0x00000000d6080000, 0x0000000100000000)
  eden space 4096K, 100% used [0x00000000d5580000,0x00000000d5980000,0x00000000d5980000)
  from space 2048K, 92% used [0x00000000d5980000,0x00000000d5b59230,0x00000000d5b80000)
  to   space 3584K, 0% used [0x00000000d5d00000,0x00000000d5d00000,0x00000000d6080000)
 ParOldGen       total 557568K, used 557312K [0x0000000080000000, 0x00000000a2080000, 0x00000000d5580000)
  object space 557568K, 99% used [0x0000000080000000,0x00000000a20403b0,0x00000000a2080000)
 Metaspace       used 83166K, committed 84992K, reserved 1179648K
  class space    used 8570K, committed 9344K, reserved 1048576K
}
Event: 2373.331 GC heap after
{Heap after GC invocations=1086 (full 4):
 PSYoungGen      total 4608K, used 288K [0x00000000d5580000, 0x00000000d5d80000, 0x0000000100000000)
  eden space 4096K, 0% used [0x00000000d5580000,0x00000000d5580000,0x00000000d5980000)
  from space 512K, 56% used [0x00000000d5d00000,0x00000000d5d48000,0x00000000d5d80000)
  to   space 1536K, 0% used [0x00000000d5a80000,0x00000000d5a80000,0x00000000d5c00000)
 ParOldGen       total 559104K, used 558760K [0x0000000080000000, 0x00000000a2200000, 0x00000000d5580000)
  object space 559104K, 99% used [0x0000000080000000,0x00000000a21aa3d0,0x00000000a2200000)
 Metaspace       used 83166K, committed 84992K, reserved 1179648K
  class space    used 8570K, committed 9344K, reserved 1048576K
}

