# JRE version: OpenJDK Runtime Environment Temurin-21.0.8+9 (21.0.8+9) (build 21.0.8+9-LTS)
# Java VM: OpenJDK 64-Bit Server VM Temurin-21.0.8+9 (21.0.8+9-LTS, mixed mode, sharing, tiered, compressed oops, compressed class ptrs, parallel gc, windows-amd64)
GC Precious Log:
 CardTable entry size: 512
 CPUs: 12 total, 12 available
 Memory: 16068M
 Large Page Support: Disabled
 NUMA Support: Disabled
 Compressed Oops: Enabled (32-bit)
 Alignments: Space 512K, Generation 512K, Heap 2M
 Heap Min Capacity: 100M
 Heap Initial Capacity: 100M
 Heap Max Capacity: 2G
 Pre-touch: Disabled
 Parallel Workers: 10
Heap:
 PSYoungGen      total 7168K, used 2325K [0x00000000d5580000, 0x00000000d5d80000, 0x0000000100000000)
  eden space 6656K, 29% used [0x00000000d5580000,0x00000000d57654e8,0x00000000d5c00000)
  from space 512K, 75% used [0x00000000d5c80000,0x00000000d5ce0000,0x00000000d5d00000)
  to   space 512K, 0% used [0x00000000d5d00000,0x00000000d5d00000,0x00000000d5d80000)
 ParOldGen       total 1012224K, used 1012058K [0x0000000080000000, 0x00000000bdc80000, 0x00000000d5580000)
  object space 1012224K, 99% used [0x0000000080000000,0x00000000bdc56818,0x00000000bdc80000)
 Metaspace       used 88304K, committed 89856K, reserved 1179648K
  class space    used 8961K, committed 9664K, reserved 1048576K
GC Heap History (20 events):
Event: 3760.300 GC heap before
{Heap before GC invocations=1872 (full 5):
 PSYoungGen      total 7168K, used 7034K [0x00000000d5580000, 0x00000000d5e00000, 0x0000000100000000)
  eden space 6656K, 100% used [0x00000000d5580000,0x00000000d5c00000,0x00000000d5c00000)
  from space 512K, 73% used [0x00000000d5d00000,0x00000000d5d5e900,0x00000000d5d80000)
  to   space 512K, 0% used [0x00000000d5d80000,0x00000000d5d80000,0x00000000d5e00000)
 ParOldGen       total 1011200K, used 1011040K [0x0000000080000000, 0x00000000bdb80000, 0x00000000d5580000)
  object space 1011200K, 99% used [0x0000000080000000,0x00000000bdb583f8,0x00000000bdb80000)
 Metaspace       used 88220K, committed 89792K, reserved 1179648K
  class space    used 8956K, committed 9664K, reserved 1048576K
}
Event: 3760.302 GC heap after
{Heap after GC invocations=1872 (full 5):
 PSYoungGen      total 7168K, used 362K [0x00000000d5580000, 0x00000000d5e00000, 0x0000000100000000)
  eden space 6656K, 0% used [0x00000000d5580000,0x00000000d5580000,0x00000000d5c00000)
  from space 512K, 70% used [0x00000000d5d80000,0x00000000d5dda910,0x00000000d5e00000)
  to   space 512K, 0% used [0x00000000d5d00000,0x00000000d5d00000,0x00000000d5d80000)
 ParOldGen       total 1011200K, used 1011072K [0x0000000080000000, 0x00000000bdb80000, 0x00000000d5580000)
  object space 1011200K, 99% used [0x0000000080000000,0x00000000bdb603f8,0x00000000bdb80000)
 Metaspace       used 88220K, committed 89792K, reserved 1179648K
  class space    used 8956K, committed 9664K, reserved 1048576K
}
Event: 3760.902 GC heap before
{Heap before GC invocations=1873 (full 5):
 PSYoungGen      total 7168K, used 7018K [0x00000000d5580000, 0x00000000d5e00000, 0x0000000100000000)
  eden space 6656K, 100% used [0x00000000d5580000,0x00000000d5c00000,0x00000000d5c00000)
  from space 512K, 70% used [0x00000000d5d80000,0x00000000d5dda910,0x00000000d5e00000)
  to   space 512K, 0% used [0x00000000d5d00000,0x00000000d5d00000,0x00000000d5d80000)
 ParOldGen       total 1011200K, used 1011072K [0x0000000080000000, 0x00000000bdb80000, 0x00000000d5580000)
  object space 1011200K, 99% used [0x0000000080000000,0x00000000bdb603f8,0x00000000bdb80000)
 Metaspace       used 88226K, committed 89792K, reserved 1179648K
  class space    used 8956K, committed 9664K, reserved 1048576K
}
Event: 3760.905 GC heap after
{Heap after GC invocations=1873 (full 5):
 PSYoungGen      total 7168K, used 505K [0x00000000d5580000, 0x00000000d5e00000, 0x0000000100000000)
  eden space 6656K, 0% used [0x00000000d5580000,0x00000000d5580000,0x00000000d5c00000)
  from space 512K, 98% used [0x00000000d5d00000,0x00000000d5d7e410,0x00000000d5d80000)
  to   space 512K, 0% used [0x00000000d5d80000,0x00000000d5d80000,0x00000000d5e00000)
 ParOldGen       total 1011712K, used 1011264K [0x0000000080000000, 0x00000000bdc00000, 0x00000000d5580000)
  object space 1011712K, 99% used [0x0000000080000000,0x00000000bdb903f8,0x00000000bdc00000)
 Metaspace       used 88226K, committed 89792K, reserved 1179648K
  class space    used 8956K, committed 9664K, reserved 1048576K
}
Event: 3761.904 GC heap before
{Heap before GC invocations=1874 (full 5):
 PSYoungGen      total 7168K, used 7161K [0x00000000d5580000, 0x00000000d5e00000, 0x0000000100000000)
  eden space 6656K, 100% used [0x00000000d5580000,0x00000000d5c00000,0x00000000d5c00000)
  from space 512K, 98% used [0x00000000d5d00000,0x00000000d5d7e410,0x00000000d5d80000)
  to   space 512K, 0% used [0x00000000d5d80000,0x00000000d5d80000,0x00000000d5e00000)
 ParOldGen       total 1011712K, used 1011264K [0x0000000080000000, 0x00000000bdc00000, 0x00000000d5580000)
  object space 1011712K, 99% used [0x0000000080000000,0x00000000bdb903f8,0x00000000bdc00000)
 Metaspace       used 88260K, committed 89792K, reserved 1179648K
  class space    used 8960K, committed 9664K, reserved 1048576K
}
Event: 3761.907 GC heap after
{Heap after GC invocations=1874 (full 5):
 PSYoungGen      total 7168K, used 404K [0x00000000d5580000, 0x00000000d5e00000, 0x0000000100000000)
  eden space 6656K, 0% used [0x00000000d5580000,0x00000000d5580000,0x00000000d5c00000)
  from space 512K, 79% used [0x00000000d5d80000,0x00000000d5de5200,0x00000000d5e00000)
  to   space 512K, 0% used [0x00000000d5d00000,0x00000000d5d00000,0x00000000d5d80000)
 ParOldGen       total 1011712K, used 1011541K [0x0000000080000000, 0x00000000bdc00000, 0x00000000d5580000)
  object space 1011712K, 99% used [0x0000000080000000,0x00000000bdbd5608,0x00000000bdc00000)
 Metaspace       used 88260K, committed 89792K, reserved 1179648K
  class space    used 8960K, committed 9664K, reserved 1048576K
}
Event: 3762.265 GC heap before
{Heap before GC invocations=1875 (full 5):
 PSYoungGen      total 7168K, used 7060K [0x00000000d5580000, 0x00000000d5e00000, 0x0000000100000000)
  eden space 6656K, 100% used [0x00000000d5580000,0x00000000d5c00000,0x00000000d5c00000)
  from space 512K, 79% used [0x00000000d5d80000,0x00000000d5de5200,0x00000000d5e00000)
  to   space 512K, 0% used [0x00000000d5d00000,0x00000000d5d00000,0x00000000d5d80000)
 ParOldGen       total 1011712K, used 1011541K [0x0000000080000000, 0x00000000bdc00000, 0x00000000d5580000)
  object space 1011712K, 99% used [0x0000000080000000,0x00000000bdbd5608,0x00000000bdc00000)
 Metaspace       used 88262K, committed 89792K, reserved 1179648K
  class space    used 8960K, committed 9664K, reserved 1048576K
}
Event: 3762.266 GC heap after
{Heap after GC invocations=1875 (full 5):
 PSYoungGen      total 7168K, used 372K [0x00000000d5580000, 0x00000000d5e00000, 0x0000000100000000)
  eden space 6656K, 0% used [0x00000000d5580000,0x00000000d5580000,0x00000000d5c00000)
  from space 512K, 72% used [0x00000000d5d00000,0x00000000d5d5d200,0x00000000d5d80000)
  to   space 512K, 0% used [0x00000000d5d80000,0x00000000d5d80000,0x00000000d5e00000)
 ParOldGen       total 1011712K, used 1011613K [0x0000000080000000, 0x00000000bdc00000, 0x00000000d5580000)
  object space 1011712K, 99% used [0x0000000080000000,0x00000000bdbe7608,0x00000000bdc00000)
 Metaspace       used 88262K, committed 89792K, reserved 1179648K
  class space    used 8960K, committed 9664K, reserved 1048576K
}
Event: 3762.596 GC heap before
{Heap before GC invocations=1876 (full 5):
 PSYoungGen      total 7168K, used 7028K [0x00000000d5580000, 0x00000000d5e00000, 0x0000000100000000)
  eden space 6656K, 100% used [0x00000000d5580000,0x00000000d5c00000,0x00000000d5c00000)
  from space 512K, 72% used [0x00000000d5d00000,0x00000000d5d5d200,0x00000000d5d80000)
  to   space 512K, 0% used [0x00000000d5d80000,0x00000000d5d80000,0x00000000d5e00000)
 ParOldGen       total 1011712K, used 1011613K [0x0000000080000000, 0x00000000bdc00000, 0x00000000d5580000)
  object space 1011712K, 99% used [0x0000000080000000,0x00000000bdbe7608,0x00000000bdc00000)
 Metaspace       used 88263K, committed 89792K, reserved 1179648K
  class space    used 8960K, committed 9664K, reserved 1048576K
}
Event: 3762.597 GC heap after
{Heap after GC invocations=1876 (full 5):
 PSYoungGen      total 7168K, used 500K [0x00000000d5580000, 0x00000000d5e00000, 0x0000000100000000)
  eden space 6656K, 0% used [0x00000000d5580000,0x00000000d5580000,0x00000000d5c00000)
  from space 512K, 97% used [0x00000000d5d80000,0x00000000d5dfd200,0x00000000d5e00000)
  to   space 1024K, 0% used [0x00000000d5c00000,0x00000000d5c00000,0x00000000d5d00000)
 ParOldGen       total 1011712K, used 1011661K [0x0000000080000000, 0x00000000bdc00000, 0x00000000d5580000)
  object space 1011712K, 99% used [0x0000000080000000,0x00000000bdbf3608,0x00000000bdc00000)
 Metaspace       used 88263K, committed 89792K, reserved 1179648K
  class space    used 8960K, committed 9664K, reserved 1048576K
}
Event: 3763.184 GC heap before
{Heap before GC invocations=1877 (full 5):
 PSYoungGen      total 7168K, used 7156K [0x00000000d5580000, 0x00000000d5e00000, 0x0000000100000000)
  eden space 6656K, 100% used [0x00000000d5580000,0x00000000d5c00000,0x00000000d5c00000)
  from space 512K, 97% used [0x00000000d5d80000,0x00000000d5dfd200,0x00000000d5e00000)
  to   space 1024K, 0% used [0x00000000d5c00000,0x00000000d5c00000,0x00000000d5d00000)
 ParOldGen       total 1011712K, used 1011661K [0x0000000080000000, 0x00000000bdc00000, 0x00000000d5580000)
  object space 1011712K, 99% used [0x0000000080000000,0x00000000bdbf3608,0x00000000bdc00000)
 Metaspace       used 88269K, committed 89792K, reserved 1179648K
  class space    used 8961K, committed 9664K, reserved 1048576K
}
Event: 3763.187 GC heap after
{Heap after GC invocations=1877 (full 5):
 PSYoungGen      total 7680K, used 777K [0x00000000d5580000, 0x00000000d5e00000, 0x0000000100000000)
  eden space 6656K, 0% used [0x00000000d5580000,0x00000000d5580000,0x00000000d5c00000)
  from space 1024K, 75% used [0x00000000d5c00000,0x00000000d5cc2400,0x00000000d5d00000)
  to   space 1024K, 0% used [0x00000000d5d00000,0x00000000d5d00000,0x00000000d5e00000)
 ParOldGen       total 1011712K, used 1011709K [0x0000000080000000, 0x00000000bdc00000, 0x00000000d5580000)
  object space 1011712K, 99% used [0x0000000080000000,0x00000000bdbff608,0x00000000bdc00000)
 Metaspace       used 88269K, committed 89792K, reserved 1179648K
  class space    used 8961K, committed 9664K, reserved 1048576K
}
Event: 3763.336 GC heap before
{Heap before GC invocations=1878 (full 5):
 PSYoungGen      total 7680K, used 7433K [0x00000000d5580000, 0x00000000d5e00000, 0x0000000100000000)
  eden space 6656K, 100% used [0x00000000d5580000,0x00000000d5c00000,0x00000000d5c00000)
  from space 1024K, 75% used [0x00000000d5c00000,0x00000000d5cc2400,0x00000000d5d00000)
  to   space 1024K, 0% used [0x00000000d5d00000,0x00000000d5d00000,0x00000000d5e00000)
 ParOldGen       total 1011712K, used 1011709K [0x0000000080000000, 0x00000000bdc00000, 0x00000000d5580000)
  object space 1011712K, 99% used [0x0000000080000000,0x00000000bdbff608,0x00000000bdc00000)
 Metaspace       used 88270K, committed 89792K, reserved 1179648K
  class space    used 8961K, committed 9664K, reserved 1048576K
}
Event: 3763.337 GC heap after
{Heap after GC invocations=1878 (full 5):
 PSYoungGen      total 7680K, used 586K [0x00000000d5580000, 0x00000000d5e00000, 0x0000000100000000)
  eden space 6656K, 0% used [0x00000000d5580000,0x00000000d5580000,0x00000000d5c00000)
  from space 1024K, 57% used [0x00000000d5d00000,0x00000000d5d92910,0x00000000d5e00000)
  to   space 1024K, 0% used [0x00000000d5c00000,0x00000000d5c00000,0x00000000d5d00000)
 ParOldGen       total 1012224K, used 1011741K [0x0000000080000000, 0x00000000bdc80000, 0x00000000d5580000)
  object space 1012224K, 99% used [0x0000000080000000,0x00000000bdc07608,0x00000000bdc80000)
 Metaspace       used 88270K, committed 89792K, reserved 1179648K
  class space    used 8961K, committed 9664K, reserved 1048576K
}
Event: 3764.518 GC heap before
{Heap before GC invocations=1879 (full 5):
 PSYoungGen      total 7680K, used 7242K [0x00000000d5580000, 0x00000000d5e00000, 0x0000000100000000)
  eden space 6656K, 100% used [0x00000000d5580000,0x00000000d5c00000,0x00000000d5c00000)
  from space 1024K, 57% used [0x00000000d5d00000,0x00000000d5d92910,0x00000000d5e00000)
  to   space 1024K, 0% used [0x00000000d5c00000,0x00000000d5c00000,0x00000000d5d00000)
 ParOldGen       total 1012224K, used 1011741K [0x0000000080000000, 0x00000000bdc80000, 0x00000000d5580000)
  object space 1012224K, 99% used [0x0000000080000000,0x00000000bdc07608,0x00000000bdc80000)
 Metaspace       used 88287K, committed 89856K, reserved 1179648K
  class space    used 8961K, committed 9664K, reserved 1048576K
}
Event: 3764.520 GC heap after
{Heap after GC invocations=1879 (full 5):
 PSYoungGen      total 7680K, used 250K [0x00000000d5580000, 0x00000000d5d80000, 0x0000000100000000)
  eden space 6656K, 0% used [0x00000000d5580000,0x00000000d5580000,0x00000000d5c00000)
  from space 1024K, 24% used [0x00000000d5c00000,0x00000000d5c3e900,0x00000000d5d00000)
  to   space 512K, 0% used [0x00000000d5d00000,0x00000000d5d00000,0x00000000d5d80000)
 ParOldGen       total 1012224K, used 1011765K [0x0000000080000000, 0x00000000bdc80000, 0x00000000d5580000)
  object space 1012224K, 99% used [0x0000000080000000,0x00000000bdc0d608,0x00000000bdc80000)
 Metaspace       used 88287K, committed 89856K, reserved 1179648K
  class space    used 8961K, committed 9664K, reserved 1048576K
}
Event: 3764.888 GC heap before
{Heap before GC invocations=1880 (full 5):
 PSYoungGen      total 7680K, used 6906K [0x00000000d5580000, 0x00000000d5d80000, 0x0000000100000000)
  eden space 6656K, 100% used [0x00000000d5580000,0x00000000d5c00000,0x00000000d5c00000)
  from space 1024K, 24% used [0x00000000d5c00000,0x00000000d5c3e900,0x00000000d5d00000)
  to   space 512K, 0% used [0x00000000d5d00000,0x00000000d5d00000,0x00000000d5d80000)
 ParOldGen       total 1012224K, used 1011765K [0x0000000080000000, 0x00000000bdc80000, 0x00000000d5580000)
  object space 1012224K, 99% used [0x0000000080000000,0x00000000bdc0d608,0x00000000bdc80000)
 Metaspace       used 88288K, committed 89856K, reserved 1179648K
  class space    used 8961K, committed 9664K, reserved 1048576K
}
Event: 3764.890 GC heap after
{Heap after GC invocations=1880 (full 5):
 PSYoungGen      total 7168K, used 410K [0x00000000d5580000, 0x00000000d5d80000, 0x0000000100000000)
  eden space 6656K, 0% used [0x00000000d5580000,0x00000000d5580000,0x00000000d5c00000)
  from space 512K, 80% used [0x00000000d5d00000,0x00000000d5d66900,0x00000000d5d80000)
  to   space 512K, 0% used [0x00000000d5c80000,0x00000000d5c80000,0x00000000d5d00000)
 ParOldGen       total 1012224K, used 1011789K [0x0000000080000000, 0x00000000bdc80000, 0x00000000d5580000)
  object space 1012224K, 99% used [0x0000000080000000,0x00000000bdc13608,0x00000000bdc80000)
 Metaspace       used 88288K, committed 89856K, reserved 1179648K
  class space    used 8961K, committed 9664K, reserved 1048576K
}
Event: 3787.589 GC heap before
{Heap before GC invocations=1881 (full 5):
 PSYoungGen      total 7168K, used 7066K [0x00000000d5580000, 0x00000000d5d80000, 0x0000000100000000)
  eden space 6656K, 99% used [0x00000000d5580000,0x00000000d5bfffd0,0x00000000d5c00000)
  from space 512K, 80% used [0x00000000d5d00000,0x00000000d5d66900,0x00000000d5d80000)
  to   space 512K, 0% used [0x00000000d5c80000,0x00000000d5c80000,0x00000000d5d00000)
 ParOldGen       total 1012224K, used 1011789K [0x0000000080000000, 0x00000000bdc80000, 0x00000000d5580000)
  object space 1012224K, 99% used [0x0000000080000000,0x00000000bdc13608,0x00000000bdc80000)
 Metaspace       used 88290K, committed 89856K, reserved 1179648K
  class space    used 8961K, committed 9664K, reserved 1048576K
}
Event: 3787.596 GC heap after
{Heap after GC invocations=1881 (full 5):
 PSYoungGen      total 7168K, used 384K [0x00000000d5580000, 0x00000000d5d80000, 0x0000000100000000)
  eden space 6656K, 0% used [0x00000000d5580000,0x00000000d5580000,0x00000000d5c00000)
  from space 512K, 75% used [0x00000000d5c80000,0x00000000d5ce0000,0x00000000d5d00000)
  to   space 512K, 0% used [0x00000000d5d00000,0x00000000d5d00000,0x00000000d5d80000)
 ParOldGen       total 1012224K, used 1012058K [0x0000000080000000, 0x00000000bdc80000, 0x00000000d5580000)
  object space 1012224K, 99% used [0x0000000080000000,0x00000000bdc56818,0x00000000bdc80000)
 Metaspace       used 88290K, committed 89856K, reserved 1179648K
  class space    used 8961K, committed 9664K, reserved 1048576K
}

